<?xml version="1.0" encoding="UTF-8"?>
<!-- Generated by org.testng.reporters.JUnitXMLReporter -->
<testsuite ignored="0" hostname="PC-PC" failures="2" tests="2" name="SignUp Test" time="1.056" errors="0" timestamp="2024-12-02T13:10:45 IST">
  <testcase classname="com.hutech.testCases.LoginTest" name="loginAsBankManager" time="0.032">
    <failure type="java.lang.NullPointerException">
      <![CDATA[java.lang.NullPointerException
at com.hutech.testCases.LoginTest.loginAsBankManager(LoginTest.java:18)
at java.base/java.util.ArrayList.forEach(ArrayList.java:1510)
... Removed 27 stack frames]]>
    </failure>
  </testcase> <!-- loginAsBankManager -->
  <testcase classname="com.hutech.testCases.LoginTest" name="addBankmanagerCustomer" time="0.005">
    <failure type="java.lang.NullPointerException">
      <![CDATA[java.lang.NullPointerException
at com.hutech.testCases.LoginTest.addBankmanagerCustomer(LoginTest.java:30)
at java.base/java.util.ArrayList.forEach(ArrayList.java:1510)
... Removed 27 stack frames]]>
    </failure>
  </testcase> <!-- addBankmanagerCustomer -->
</testsuite> <!-- SignUp Test -->
