<?xml version="1.0" encoding="UTF-8"?>
<!-- Generated by org.testng.reporters.JUnitXMLReporter -->
<testsuite ignored="0" hostname="PC-PC" failures="0" tests="4" name="Default test" time="3.878" errors="0" timestamp="2024-12-02T16:40:19 IST">
  <testcase classname="com.hutech.testCases.LoginTest" name="loginAsBankManager" time="1.288"/>
  <testcase classname="com.hutech.testCases.LoginTest" name="addBankmanagerCustomer" time="0.333"/>
  <testcase classname="com.hutech.testCases.LoginTest" name="signUpCompletion" time="0.11"/>
  <testcase classname="com.hutech.testCases.LoginTest" name="getDOB" time="1.104"/>
</testsuite> <!-- Default test -->
